# JRE version: Java(TM) SE Runtime Environment (23.0.1+11) (build 23.0.1+11-39)
# Java VM: Java HotSpot(TM) 64-Bit Server VM (23.0.1+11-39, mixed mode, sharing, tiered, compressed oops, compressed class ptrs, g1 gc, windows-amd64)
GC Precious Log:
 CardTable entry size: 512
 Card Set container configuration: InlinePtr #cards 4 size 8 Array Of Cards #cards 16 size 48 Howl #buckets 8 coarsen threshold 3686 Howl Bitmap #cards 512 size 80 coarsen threshold 460 Card regions per heap region 1 cards per card region 4096
 CPUs: 16 total, 16 available
 Memory: 16005M
 Large Page Support: Disabled
 NUMA Support: Disabled
 Compressed Oops: Enabled (Zero based)
 Heap Region Size: 2M
 Heap Min Capacity: 8M
 Heap Initial Capacity: 252M
 Heap Max Capacity: 4002M
 Pre-touch: Disabled
 Parallel Workers: 13
 Concurrent Workers: 3
 Concurrent Refinement Workers: 13
 Periodic GC: Disabled
Heap:
 garbage-first heap   total reserved 4098048K, committed 34816K, used 20145K [0x0000000705e00000, 0x0000000800000000)
  region size 2048K, 7 young (14336K), 1 survivors (2048K)
 Metaspace       used 7335K, committed 7552K, reserved 1114112K
  class space    used 703K, committed 832K, reserved 1048576K
GC Heap History (20 events):
Event: 0.225 GC heap before
{Heap before GC invocations=1 (full 1):
 garbage-first heap   total reserved 4098048K, committed 28672K, used 2074K [0x0000000705e00000, 0x0000000800000000)
  region size 2048K, 1 young (2048K), 0 survivors (0K)
 Metaspace       used 1892K, committed 2048K, reserved 1114112K
  class space    used 196K, committed 256K, reserved 1048576K
}
Event: 0.231 GC heap after
{Heap after GC invocations=2 (full 2):
 garbage-first heap   total reserved 4098048K, committed 14336K, used 2073K [0x0000000705e00000, 0x0000000800000000)
  region size 2048K, 0 young (0K), 0 survivors (0K)
 Metaspace       used 1892K, committed 2048K, reserved 1114112K
  class space    used 196K, committed 256K, reserved 1048576K
}
Event: 0.349 GC heap before
{Heap before GC invocations=2 (full 2):
 garbage-first heap   total reserved 4098048K, committed 14336K, used 6169K [0x0000000705e00000, 0x0000000800000000)
  region size 2048K, 2 young (4096K), 0 survivors (0K)
 Metaspace       used 2895K, committed 3136K, reserved 1114112K
  class space    used 304K, committed 448K, reserved 1048576K
}
Event: 0.351 GC heap after
{Heap after GC invocations=3 (full 2):
 garbage-first heap   total reserved 4098048K, committed 14336K, used 3321K [0x0000000705e00000, 0x0000000800000000)
  region size 2048K, 1 young (2048K), 1 survivors (2048K)
 Metaspace       used 2895K, committed 3136K, reserved 1114112K
  class space    used 304K, committed 448K, reserved 1048576K
}
Event: 0.388 GC heap before
{Heap before GC invocations=3 (full 2):
 garbage-first heap   total reserved 4098048K, committed 14336K, used 3321K [0x0000000705e00000, 0x0000000800000000)
  region size 2048K, 2 young (4096K), 1 survivors (2048K)
 Metaspace       used 3066K, committed 3328K, reserved 1114112K
  class space    used 321K, committed 448K, reserved 1048576K
}
Event: 0.396 GC heap after
{Heap after GC invocations=4 (full 3):
 garbage-first heap   total reserved 4098048K, committed 14336K, used 3542K [0x0000000705e00000, 0x0000000800000000)
  region size 2048K, 0 young (0K), 0 survivors (0K)
 Metaspace       used 3066K, committed 3328K, reserved 1114112K
  class space    used 321K, committed 448K, reserved 1048576K
}
Event: 0.453 GC heap before
{Heap before GC invocations=4 (full 3):
 garbage-first heap   total reserved 4098048K, committed 14336K, used 7638K [0x0000000705e00000, 0x0000000800000000)
  region size 2048K, 2 young (4096K), 0 survivors (0K)
 Metaspace       used 3489K, committed 3648K, reserved 1114112K
  class space    used 362K, committed 448K, reserved 1048576K
}
Event: 0.454 GC heap after
{Heap after GC invocations=5 (full 3):
 garbage-first heap   total reserved 4098048K, committed 14336K, used 4098K [0x0000000705e00000, 0x0000000800000000)
  region size 2048K, 1 young (2048K), 1 survivors (2048K)
 Metaspace       used 3489K, committed 3648K, reserved 1114112K
  class space    used 362K, committed 448K, reserved 1048576K
}
Event: 0.464 GC heap before
{Heap before GC invocations=5 (full 3):
 garbage-first heap   total reserved 4098048K, committed 14336K, used 8194K [0x0000000705e00000, 0x0000000800000000)
  region size 2048K, 3 young (6144K), 1 survivors (2048K)
 Metaspace       used 3493K, committed 3648K, reserved 1114112K
  class space    used 362K, committed 448K, reserved 1048576K
}
Event: 0.465 GC heap after
{Heap after GC invocations=6 (full 3):
 garbage-first heap   total reserved 4098048K, committed 14336K, used 4345K [0x0000000705e00000, 0x0000000800000000)
  region size 2048K, 1 young (2048K), 1 survivors (2048K)
 Metaspace       used 3493K, committed 3648K, reserved 1114112K
  class space    used 362K, committed 448K, reserved 1048576K
}
Event: 0.472 GC heap before
{Heap before GC invocations=6 (full 3):
 garbage-first heap   total reserved 4098048K, committed 14336K, used 8441K [0x0000000705e00000, 0x0000000800000000)
  region size 2048K, 3 young (6144K), 1 survivors (2048K)
 Metaspace       used 3495K, committed 3648K, reserved 1114112K
  class space    used 362K, committed 448K, reserved 1048576K
}
Event: 0.473 GC heap after
{Heap after GC invocations=7 (full 3):
 garbage-first heap   total reserved 4098048K, committed 137216K, used 4806K [0x0000000705e00000, 0x0000000800000000)
  region size 2048K, 1 young (2048K), 1 survivors (2048K)
 Metaspace       used 3495K, committed 3648K, reserved 1114112K
  class space    used 362K, committed 448K, reserved 1048576K
}
Event: 0.565 GC heap before
{Heap before GC invocations=7 (full 3):
 garbage-first heap   total reserved 4098048K, committed 137216K, used 29382K [0x0000000705e00000, 0x0000000800000000)
  region size 2048K, 14 young (28672K), 1 survivors (2048K)
 Metaspace       used 3566K, committed 3776K, reserved 1114112K
  class space    used 364K, committed 448K, reserved 1048576K
}
Event: 0.575 GC heap after
{Heap after GC invocations=8 (full 4):
 garbage-first heap   total reserved 4098048K, committed 34816K, used 7185K [0x0000000705e00000, 0x0000000800000000)
  region size 2048K, 0 young (0K), 0 survivors (0K)
 Metaspace       used 3566K, committed 3776K, reserved 1114112K
  class space    used 364K, committed 448K, reserved 1048576K
}
Event: 13.035 GC heap before
{Heap before GC invocations=8 (full 4):
 garbage-first heap   total reserved 4098048K, committed 34816K, used 21521K [0x0000000705e00000, 0x0000000800000000)
  region size 2048K, 7 young (14336K), 0 survivors (0K)
 Metaspace       used 6083K, committed 6336K, reserved 1114112K
  class space    used 588K, committed 704K, reserved 1048576K
}
Event: 13.038 GC heap after
{Heap after GC invocations=9 (full 4):
 garbage-first heap   total reserved 4098048K, committed 34816K, used 9233K [0x0000000705e00000, 0x0000000800000000)
  region size 2048K, 1 young (2048K), 1 survivors (2048K)
 Metaspace       used 6083K, committed 6336K, reserved 1114112K
  class space    used 588K, committed 704K, reserved 1048576K
}
Event: 13.068 GC heap before
{Heap before GC invocations=9 (full 4):
 garbage-first heap   total reserved 4098048K, committed 34816K, used 11281K [0x0000000705e00000, 0x0000000800000000)
  region size 2048K, 3 young (6144K), 1 survivors (2048K)
 Metaspace       used 6168K, committed 6464K, reserved 1114112K
  class space    used 590K, committed 704K, reserved 1048576K
}
Event: 13.098 GC heap after
{Heap after GC invocations=10 (full 5):
 garbage-first heap   total reserved 4098048K, committed 34816K, used 9100K [0x0000000705e00000, 0x0000000800000000)
  region size 2048K, 0 young (0K), 0 survivors (0K)
 Metaspace       used 6168K, committed 6464K, reserved 1114112K
  class space    used 590K, committed 704K, reserved 1048576K
}
Event: 53.757 GC heap before
{Heap before GC invocations=10 (full 5):
 garbage-first heap   total reserved 4098048K, committed 34816K, used 17292K [0x0000000705e00000, 0x0000000800000000)
  region size 2048K, 5 young (10240K), 0 survivors (0K)
 Metaspace       used 7275K, committed 7488K, reserved 1114112K
  class space    used 702K, committed 768K, reserved 1048576K
}
Event: 53.759 GC heap after
{Heap after GC invocations=11 (full 5):
 garbage-first heap   total reserved 4098048K, committed 34816K, used 9905K [0x0000000705e00000, 0x0000000800000000)
  region size 2048K, 1 young (2048K), 1 survivors (2048K)
 Metaspace       used 7275K, committed 7488K, reserved 1114112K
  class space    used 702K, committed 768K, reserved 1048576K
}

