# JRE version: Java(TM) SE Runtime Environment (23.0.1+11) (build 23.0.1+11-39)
# Java VM: Java HotSpot(TM) 64-Bit Server VM (23.0.1+11-39, mixed mode, sharing, tiered, compressed oops, compressed class ptrs, g1 gc, windows-amd64)
GC Precious Log:
 CardTable entry size: 512
 Card Set container configuration: InlinePtr #cards 4 size 8 Array Of Cards #cards 16 size 48 Howl #buckets 8 coarsen threshold 3686 Howl Bitmap #cards 512 size 80 coarsen threshold 460 Card regions per heap region 1 cards per card region 4096
 CPUs: 16 total, 16 available
 Memory: 16005M
 Large Page Support: Disabled
 NUMA Support: Disabled
 Compressed Oops: Enabled (Zero based)
 Heap Region Size: 2M
 Heap Min Capacity: 8M
 Heap Initial Capacity: 252M
 Heap Max Capacity: 4002M
 Pre-touch: Disabled
 Parallel Workers: 13
 Concurrent Workers: 3
 Concurrent Refinement Workers: 13
 Periodic GC: Disabled
Heap:
 garbage-first heap   total reserved 4098048K, committed 28672K, used 15552K [0x0000000705e00000, 0x0000000800000000)
  region size 2048K, 4 young (8192K), 0 survivors (0K)
 Metaspace       used 7334K, committed 7552K, reserved 1114112K
  class space    used 703K, committed 768K, reserved 1048576K
GC Heap History (18 events):
Event: 0.191 GC heap before
{Heap before GC invocations=0 (full 0):
 garbage-first heap   total reserved 4098048K, committed 258048K, used 6144K [0x0000000705e00000, 0x0000000800000000)
  region size 2048K, 4 young (8192K), 0 survivors (0K)
 Metaspace       used 1798K, committed 1920K, reserved 1114112K
  class space    used 194K, committed 256K, reserved 1048576K
}
Event: 0.195 GC heap after
{Heap after GC invocations=1 (full 1):
 garbage-first heap   total reserved 4098048K, committed 28672K, used 2074K [0x0000000705e00000, 0x0000000800000000)
  region size 2048K, 0 young (0K), 0 survivors (0K)
 Metaspace       used 1798K, committed 1920K, reserved 1114112K
  class space    used 194K, committed 256K, reserved 1048576K
}
Event: 0.372 GC heap before
{Heap before GC invocations=1 (full 1):
 garbage-first heap   total reserved 4098048K, committed 28672K, used 12314K [0x0000000705e00000, 0x0000000800000000)
  region size 2048K, 5 young (10240K), 0 survivors (0K)
 Metaspace       used 3490K, committed 3648K, reserved 1114112K
  class space    used 362K, committed 448K, reserved 1048576K
}
Event: 0.374 GC heap after
{Heap after GC invocations=2 (full 1):
 garbage-first heap   total reserved 4098048K, committed 28672K, used 4113K [0x0000000705e00000, 0x0000000800000000)
  region size 2048K, 1 young (2048K), 1 survivors (2048K)
 Metaspace       used 3490K, committed 3648K, reserved 1114112K
  class space    used 362K, committed 448K, reserved 1048576K
}
Event: 0.385 GC heap before
{Heap before GC invocations=2 (full 1):
 garbage-first heap   total reserved 4098048K, committed 28672K, used 10257K [0x0000000705e00000, 0x0000000800000000)
  region size 2048K, 4 young (8192K), 1 survivors (2048K)
 Metaspace       used 3498K, committed 3648K, reserved 1114112K
  class space    used 362K, committed 448K, reserved 1048576K
}
Event: 0.387 GC heap after
{Heap after GC invocations=3 (full 1):
 garbage-first heap   total reserved 4098048K, committed 28672K, used 4755K [0x0000000705e00000, 0x0000000800000000)
  region size 2048K, 1 young (2048K), 1 survivors (2048K)
 Metaspace       used 3498K, committed 3648K, reserved 1114112K
  class space    used 362K, committed 448K, reserved 1048576K
}
Event: 0.398 GC heap before
{Heap before GC invocations=3 (full 1):
 garbage-first heap   total reserved 4098048K, committed 28672K, used 12947K [0x0000000705e00000, 0x0000000800000000)
  region size 2048K, 5 young (10240K), 1 survivors (2048K)
 Metaspace       used 3510K, committed 3712K, reserved 1114112K
  class space    used 362K, committed 448K, reserved 1048576K
}
Event: 0.399 GC heap after
{Heap after GC invocations=4 (full 1):
 garbage-first heap   total reserved 4098048K, committed 28672K, used 5534K [0x0000000705e00000, 0x0000000800000000)
  region size 2048K, 1 young (2048K), 1 survivors (2048K)
 Metaspace       used 3510K, committed 3712K, reserved 1114112K
  class space    used 362K, committed 448K, reserved 1048576K
}
Event: 0.410 GC heap before
{Heap before GC invocations=4 (full 1):
 garbage-first heap   total reserved 4098048K, committed 28672K, used 13726K [0x0000000705e00000, 0x0000000800000000)
  region size 2048K, 5 young (10240K), 1 survivors (2048K)
 Metaspace       used 3517K, committed 3712K, reserved 1114112K
  class space    used 362K, committed 448K, reserved 1048576K
}
Event: 0.412 GC heap after
{Heap after GC invocations=5 (full 1):
 garbage-first heap   total reserved 4098048K, committed 143360K, used 6342K [0x0000000705e00000, 0x0000000800000000)
  region size 2048K, 1 young (2048K), 1 survivors (2048K)
 Metaspace       used 3517K, committed 3712K, reserved 1114112K
  class space    used 362K, committed 448K, reserved 1048576K
}
Event: 0.464 GC heap before
{Heap before GC invocations=5 (full 1):
 garbage-first heap   total reserved 4098048K, committed 143360K, used 18630K [0x0000000705e00000, 0x0000000800000000)
  region size 2048K, 8 young (16384K), 1 survivors (2048K)
 Metaspace       used 3570K, committed 3776K, reserved 1114112K
  class space    used 364K, committed 448K, reserved 1048576K
}
Event: 0.474 GC heap after
{Heap after GC invocations=6 (full 2):
 garbage-first heap   total reserved 4098048K, committed 34816K, used 7181K [0x0000000705e00000, 0x0000000800000000)
  region size 2048K, 0 young (0K), 0 survivors (0K)
 Metaspace       used 3570K, committed 3776K, reserved 1114112K
  class space    used 364K, committed 448K, reserved 1048576K
}
Event: 0.497 GC heap before
{Heap before GC invocations=6 (full 2):
 garbage-first heap   total reserved 4098048K, committed 34816K, used 7181K [0x0000000705e00000, 0x0000000800000000)
  region size 2048K, 1 young (2048K), 0 survivors (0K)
 Metaspace       used 3570K, committed 3776K, reserved 1114112K
  class space    used 364K, committed 448K, reserved 1048576K
}
Event: 0.511 GC heap after
{Heap after GC invocations=7 (full 3):
 garbage-first heap   total reserved 4098048K, committed 28672K, used 7182K [0x0000000705e00000, 0x0000000800000000)
  region size 2048K, 0 young (0K), 0 survivors (0K)
 Metaspace       used 3570K, committed 3776K, reserved 1114112K
  class space    used 364K, committed 448K, reserved 1048576K
}
Event: 14.227 GC heap before
{Heap before GC invocations=7 (full 3):
 garbage-first heap   total reserved 4098048K, committed 28672K, used 19470K [0x0000000705e00000, 0x0000000800000000)
  region size 2048K, 6 young (12288K), 0 survivors (0K)
 Metaspace       used 6087K, committed 6336K, reserved 1114112K
  class space    used 587K, committed 704K, reserved 1048576K
}
Event: 14.230 GC heap after
{Heap after GC invocations=8 (full 3):
 garbage-first heap   total reserved 4098048K, committed 28672K, used 9088K [0x0000000705e00000, 0x0000000800000000)
  region size 2048K, 1 young (2048K), 1 survivors (2048K)
 Metaspace       used 6087K, committed 6336K, reserved 1114112K
  class space    used 587K, committed 704K, reserved 1048576K
}
Event: 29.037 GC heap before
{Heap before GC invocations=8 (full 3):
 garbage-first heap   total reserved 4098048K, committed 28672K, used 15232K [0x0000000705e00000, 0x0000000800000000)
  region size 2048K, 5 young (10240K), 1 survivors (2048K)
 Metaspace       used 7275K, committed 7424K, reserved 1114112K
  class space    used 698K, committed 768K, reserved 1048576K
}
Event: 29.069 GC heap after
{Heap after GC invocations=9 (full 4):
 garbage-first heap   total reserved 4098048K, committed 28672K, used 9408K [0x0000000705e00000, 0x0000000800000000)
  region size 2048K, 0 young (0K), 0 survivors (0K)
 Metaspace       used 7275K, committed 7424K, reserved 1114112K
  class space    used 698K, committed 768K, reserved 1048576K
}

