# JRE version: Java(TM) SE Runtime Environment (23.0.1+11) (build 23.0.1+11-39)
# Java VM: Java HotSpot(TM) 64-Bit Server VM (23.0.1+11-39, mixed mode, sharing, tiered, compressed oops, compressed class ptrs, g1 gc, windows-amd64)
GC Precious Log:
 CardTable entry size: 512
 Card Set container configuration: InlinePtr #cards 4 size 8 Array Of Cards #cards 32 size 80 Howl #buckets 8 coarsen threshold 7372 Howl Bitmap #cards 1024 size 144 coarsen threshold 921 Card regions per heap region 1 cards per card region 8192
 CPUs: 16 total, 16 available
 Memory: 16005M
 Large Page Support: Disabled
 NUMA Support: Disabled
 Compressed Oops: Enabled (Zero based)
 Heap Region Size: 4M
 Heap Min Capacity: 8M
 Heap Initial Capacity: 252M
 Heap Max Capacity: 8G
 Pre-touch: Disabled
 Parallel Workers: 13
 Concurrent Workers: 3
 Concurrent Refinement Workers: 13
 Periodic GC: Disabled
Heap:
 garbage-first heap   total reserved 8388608K, committed 28672K, used 14485K [0x0000000600000000, 0x0000000800000000)
  region size 4096K, 3 young (12288K), 1 survivors (4096K)
 Metaspace       used 6807K, committed 7040K, reserved 1114112K
  class space    used 652K, committed 768K, reserved 1048576K
GC Heap History (20 events):
Event: 0.477 GC heap before
{Heap before GC invocations=1 (full 1):
 garbage-first heap   total reserved 8388608K, committed 28672K, used 10266K [0x0000000600000000, 0x0000000800000000)
  region size 4096K, 2 young (8192K), 0 survivors (0K)
 Metaspace       used 3458K, committed 3648K, reserved 1114112K
  class space    used 362K, committed 448K, reserved 1048576K
}
Event: 0.480 GC heap after
{Heap after GC invocations=2 (full 1):
 garbage-first heap   total reserved 8388608K, committed 28672K, used 3836K [0x0000000600000000, 0x0000000800000000)
  region size 4096K, 1 young (4096K), 1 survivors (4096K)
 Metaspace       used 3458K, committed 3648K, reserved 1114112K
  class space    used 362K, committed 448K, reserved 1048576K
}
Event: 0.501 GC heap before
{Heap before GC invocations=2 (full 1):
 garbage-first heap   total reserved 8388608K, committed 28672K, used 7932K [0x0000000600000000, 0x0000000800000000)
  region size 4096K, 2 young (8192K), 1 survivors (4096K)
 Metaspace       used 3494K, committed 3648K, reserved 1114112K
  class space    used 362K, committed 448K, reserved 1048576K
}
Event: 0.504 GC heap after
{Heap after GC invocations=3 (full 1):
 garbage-first heap   total reserved 8388608K, committed 28672K, used 4220K [0x0000000600000000, 0x0000000800000000)
  region size 4096K, 1 young (4096K), 1 survivors (4096K)
 Metaspace       used 3494K, committed 3648K, reserved 1114112K
  class space    used 362K, committed 448K, reserved 1048576K
}
Event: 0.523 GC heap before
{Heap before GC invocations=3 (full 1):
 garbage-first heap   total reserved 8388608K, committed 28672K, used 12412K [0x0000000600000000, 0x0000000800000000)
  region size 4096K, 3 young (12288K), 1 survivors (4096K)
 Metaspace       used 3497K, committed 3648K, reserved 1114112K
  class space    used 362K, committed 448K, reserved 1048576K
}
Event: 0.526 GC heap after
{Heap after GC invocations=4 (full 1):
 garbage-first heap   total reserved 8388608K, committed 28672K, used 4924K [0x0000000600000000, 0x0000000800000000)
  region size 4096K, 1 young (4096K), 1 survivors (4096K)
 Metaspace       used 3497K, committed 3648K, reserved 1114112K
  class space    used 362K, committed 448K, reserved 1048576K
}
Event: 0.543 GC heap before
{Heap before GC invocations=4 (full 1):
 garbage-first heap   total reserved 8388608K, committed 28672K, used 13116K [0x0000000600000000, 0x0000000800000000)
  region size 4096K, 3 young (12288K), 1 survivors (4096K)
 Metaspace       used 3515K, committed 3712K, reserved 1114112K
  class space    used 362K, committed 448K, reserved 1048576K
}
Event: 0.547 GC heap after
{Heap after GC invocations=5 (full 1):
 garbage-first heap   total reserved 8388608K, committed 143360K, used 5758K [0x0000000600000000, 0x0000000800000000)
  region size 4096K, 1 young (4096K), 1 survivors (4096K)
 Metaspace       used 3515K, committed 3712K, reserved 1114112K
  class space    used 362K, committed 448K, reserved 1048576K
}
Event: 0.614 GC heap before
{Heap before GC invocations=5 (full 1):
 garbage-first heap   total reserved 8388608K, committed 143360K, used 22142K [0x0000000600000000, 0x0000000800000000)
  region size 4096K, 6 young (24576K), 1 survivors (4096K)
 Metaspace       used 3566K, committed 3712K, reserved 1114112K
  class space    used 364K, committed 448K, reserved 1048576K
}
Event: 0.630 GC heap after
{Heap after GC invocations=6 (full 2):
 garbage-first heap   total reserved 8388608K, committed 40960K, used 7181K [0x0000000600000000, 0x0000000800000000)
  region size 4096K, 0 young (0K), 0 survivors (0K)
 Metaspace       used 3566K, committed 3712K, reserved 1114112K
  class space    used 364K, committed 448K, reserved 1048576K
}
Event: 0.658 GC heap before
{Heap before GC invocations=6 (full 2):
 garbage-first heap   total reserved 8388608K, committed 40960K, used 7181K [0x0000000600000000, 0x0000000800000000)
  region size 4096K, 1 young (4096K), 0 survivors (0K)
 Metaspace       used 3566K, committed 3712K, reserved 1114112K
  class space    used 364K, committed 448K, reserved 1048576K
}
Event: 0.678 GC heap after
{Heap after GC invocations=7 (full 3):
 garbage-first heap   total reserved 8388608K, committed 28672K, used 7182K [0x0000000600000000, 0x0000000800000000)
  region size 4096K, 0 young (0K), 0 survivors (0K)
 Metaspace       used 3566K, committed 3712K, reserved 1114112K
  class space    used 364K, committed 448K, reserved 1048576K
}
Event: 0.707 GC heap before
{Heap before GC invocations=7 (full 3):
 garbage-first heap   total reserved 8388608K, committed 28672K, used 7182K [0x0000000600000000, 0x0000000800000000)
  region size 4096K, 1 young (4096K), 0 survivors (0K)
 Metaspace       used 3566K, committed 3712K, reserved 1114112K
  class space    used 364K, committed 448K, reserved 1048576K
}
Event: 0.724 GC heap after
{Heap after GC invocations=8 (full 4):
 garbage-first heap   total reserved 8388608K, committed 28672K, used 7182K [0x0000000600000000, 0x0000000800000000)
  region size 4096K, 0 young (0K), 0 survivors (0K)
 Metaspace       used 3566K, committed 3712K, reserved 1114112K
  class space    used 364K, committed 448K, reserved 1048576K
}
Event: 3.200 GC heap before
{Heap before GC invocations=8 (full 4):
 garbage-first heap   total reserved 8388608K, committed 28672K, used 7182K [0x0000000600000000, 0x0000000800000000)
  region size 4096K, 1 young (4096K), 0 survivors (0K)
 Metaspace       used 3567K, committed 3712K, reserved 1114112K
  class space    used 364K, committed 448K, reserved 1048576K
}
Event: 3.216 GC heap after
{Heap after GC invocations=9 (full 5):
 garbage-first heap   total reserved 8388608K, committed 28672K, used 7182K [0x0000000600000000, 0x0000000800000000)
  region size 4096K, 0 young (0K), 0 survivors (0K)
 Metaspace       used 3567K, committed 3712K, reserved 1114112K
  class space    used 364K, committed 448K, reserved 1048576K
}
Event: 12.879 GC heap before
{Heap before GC invocations=9 (full 5):
 garbage-first heap   total reserved 8388608K, committed 28672K, used 19470K [0x0000000600000000, 0x0000000800000000)
  region size 4096K, 3 young (12288K), 0 survivors (0K)
 Metaspace       used 5938K, committed 6144K, reserved 1114112K
  class space    used 580K, committed 640K, reserved 1048576K
}
Event: 12.884 GC heap after
{Heap after GC invocations=10 (full 5):
 garbage-first heap   total reserved 8388608K, committed 28672K, used 9415K [0x0000000600000000, 0x0000000800000000)
  region size 4096K, 1 young (4096K), 1 survivors (4096K)
 Metaspace       used 5938K, committed 6144K, reserved 1114112K
  class space    used 580K, committed 640K, reserved 1048576K
}
Event: 67.830 GC heap before
{Heap before GC invocations=10 (full 5):
 garbage-first heap   total reserved 8388608K, committed 28672K, used 17607K [0x0000000600000000, 0x0000000800000000)
  region size 4096K, 3 young (12288K), 1 survivors (4096K)
 Metaspace       used 6775K, committed 7040K, reserved 1114112K
  class space    used 652K, committed 768K, reserved 1048576K
}
Event: 67.836 GC heap after
{Heap after GC invocations=11 (full 5):
 garbage-first heap   total reserved 8388608K, committed 28672K, used 10389K [0x0000000600000000, 0x0000000800000000)
  region size 4096K, 1 young (4096K), 1 survivors (4096K)
 Metaspace       used 6775K, committed 7040K, reserved 1114112K
  class space    used 652K, committed 768K, reserved 1048576K
}

