# JRE version: Java(TM) SE Runtime Environment (23.0.1+11) (build 23.0.1+11-39)
# Java VM: Java HotSpot(TM) 64-Bit Server VM (23.0.1+11-39, mixed mode, sharing, tiered, compressed oops, compressed class ptrs, g1 gc, windows-amd64)
GC Precious Log:
 CardTable entry size: 512
 Card Set container configuration: InlinePtr #cards 4 size 8 Array Of Cards #cards 16 size 48 Howl #buckets 8 coarsen threshold 3686 Howl Bitmap #cards 512 size 80 coarsen threshold 460 Card regions per heap region 1 cards per card region 4096
 CPUs: 16 total, 16 available
 Memory: 16005M
 Large Page Support: Disabled
 NUMA Support: Disabled
 Compressed Oops: Enabled (Zero based)
 Heap Region Size: 2M
 Heap Min Capacity: 8M
 Heap Initial Capacity: 252M
 Heap Max Capacity: 4002M
 Pre-touch: Disabled
 Parallel Workers: 13
 Concurrent Workers: 3
 Concurrent Refinement Workers: 13
 Periodic GC: Disabled
Heap:
 garbage-first heap   total reserved 4098048K, committed 28672K, used 11870K [0x0000000705e00000, 0x0000000800000000)
  region size 2048K, 3 young (6144K), 1 survivors (2048K)
 Metaspace       used 7311K, committed 7552K, reserved 1114112K
  class space    used 701K, committed 832K, reserved 1048576K
GC Heap History (20 events):
Event: 0.542 GC heap before
{Heap before GC invocations=4 (full 3):
 garbage-first heap   total reserved 4098048K, committed 14336K, used 7608K [0x0000000705e00000, 0x0000000800000000)
  region size 2048K, 2 young (4096K), 0 survivors (0K)
 Metaspace       used 3481K, committed 3648K, reserved 1114112K
  class space    used 362K, committed 448K, reserved 1048576K
}
Event: 0.544 GC heap after
{Heap after GC invocations=5 (full 3):
 garbage-first heap   total reserved 4098048K, committed 14336K, used 4035K [0x0000000705e00000, 0x0000000800000000)
  region size 2048K, 1 young (2048K), 1 survivors (2048K)
 Metaspace       used 3481K, committed 3648K, reserved 1114112K
  class space    used 362K, committed 448K, reserved 1048576K
}
Event: 0.568 GC heap before
{Heap before GC invocations=5 (full 3):
 garbage-first heap   total reserved 4098048K, committed 14336K, used 8131K [0x0000000705e00000, 0x0000000800000000)
  region size 2048K, 3 young (6144K), 1 survivors (2048K)
 Metaspace       used 3488K, committed 3648K, reserved 1114112K
  class space    used 362K, committed 448K, reserved 1048576K
}
Event: 0.570 GC heap after
{Heap after GC invocations=6 (full 3):
 garbage-first heap   total reserved 4098048K, committed 14336K, used 4375K [0x0000000705e00000, 0x0000000800000000)
  region size 2048K, 1 young (2048K), 1 survivors (2048K)
 Metaspace       used 3488K, committed 3648K, reserved 1114112K
  class space    used 362K, committed 448K, reserved 1048576K
}
Event: 0.583 GC heap before
{Heap before GC invocations=6 (full 3):
 garbage-first heap   total reserved 4098048K, committed 14336K, used 8471K [0x0000000705e00000, 0x0000000800000000)
  region size 2048K, 3 young (6144K), 1 survivors (2048K)
 Metaspace       used 3493K, committed 3648K, reserved 1114112K
  class space    used 362K, committed 448K, reserved 1048576K
}
Event: 0.585 GC heap after
{Heap after GC invocations=7 (full 3):
 garbage-first heap   total reserved 4098048K, committed 137216K, used 4729K [0x0000000705e00000, 0x0000000800000000)
  region size 2048K, 1 young (2048K), 1 survivors (2048K)
 Metaspace       used 3493K, committed 3648K, reserved 1114112K
  class space    used 362K, committed 448K, reserved 1048576K
}
Event: 0.664 GC heap before
{Heap before GC invocations=7 (full 3):
 garbage-first heap   total reserved 4098048K, committed 137216K, used 31353K [0x0000000705e00000, 0x0000000800000000)
  region size 2048K, 15 young (30720K), 1 survivors (2048K)
 Metaspace       used 3559K, committed 3712K, reserved 1114112K
  class space    used 364K, committed 448K, reserved 1048576K
}
Event: 0.674 GC heap after
{Heap after GC invocations=8 (full 4):
 garbage-first heap   total reserved 4098048K, committed 34816K, used 7184K [0x0000000705e00000, 0x0000000800000000)
  region size 2048K, 0 young (0K), 0 survivors (0K)
 Metaspace       used 3559K, committed 3712K, reserved 1114112K
  class space    used 364K, committed 448K, reserved 1048576K
}
Event: 0.702 GC heap before
{Heap before GC invocations=8 (full 4):
 garbage-first heap   total reserved 4098048K, committed 34816K, used 7184K [0x0000000705e00000, 0x0000000800000000)
  region size 2048K, 1 young (2048K), 0 survivors (0K)
 Metaspace       used 3559K, committed 3712K, reserved 1114112K
  class space    used 364K, committed 448K, reserved 1048576K
}
Event: 0.718 GC heap after
{Heap after GC invocations=9 (full 5):
 garbage-first heap   total reserved 4098048K, committed 28672K, used 7184K [0x0000000705e00000, 0x0000000800000000)
  region size 2048K, 0 young (0K), 0 survivors (0K)
 Metaspace       used 3559K, committed 3712K, reserved 1114112K
  class space    used 364K, committed 448K, reserved 1048576K
}
Event: 0.742 GC heap before
{Heap before GC invocations=9 (full 5):
 garbage-first heap   total reserved 4098048K, committed 28672K, used 7184K [0x0000000705e00000, 0x0000000800000000)
  region size 2048K, 1 young (2048K), 0 survivors (0K)
 Metaspace       used 3559K, committed 3712K, reserved 1114112K
  class space    used 364K, committed 448K, reserved 1048576K
}
Event: 0.757 GC heap after
{Heap after GC invocations=10 (full 6):
 garbage-first heap   total reserved 4098048K, committed 28672K, used 7185K [0x0000000705e00000, 0x0000000800000000)
  region size 2048K, 0 young (0K), 0 survivors (0K)
 Metaspace       used 3559K, committed 3712K, reserved 1114112K
  class space    used 364K, committed 448K, reserved 1048576K
}
Event: 0.781 GC heap before
{Heap before GC invocations=10 (full 6):
 garbage-first heap   total reserved 4098048K, committed 28672K, used 7185K [0x0000000705e00000, 0x0000000800000000)
  region size 2048K, 1 young (2048K), 0 survivors (0K)
 Metaspace       used 3559K, committed 3712K, reserved 1114112K
  class space    used 364K, committed 448K, reserved 1048576K
}
Event: 0.795 GC heap after
{Heap after GC invocations=11 (full 7):
 garbage-first heap   total reserved 4098048K, committed 28672K, used 7185K [0x0000000705e00000, 0x0000000800000000)
  region size 2048K, 0 young (0K), 0 survivors (0K)
 Metaspace       used 3559K, committed 3712K, reserved 1114112K
  class space    used 364K, committed 448K, reserved 1048576K
}
Event: 5.036 GC heap before
{Heap before GC invocations=11 (full 7):
 garbage-first heap   total reserved 4098048K, committed 28672K, used 13329K [0x0000000705e00000, 0x0000000800000000)
  region size 2048K, 4 young (8192K), 0 survivors (0K)
 Metaspace       used 4800K, committed 5120K, reserved 1114112K
  class space    used 480K, committed 640K, reserved 1048576K
}
Event: 5.077 GC heap after
{Heap after GC invocations=12 (full 8):
 garbage-first heap   total reserved 4098048K, committed 28672K, used 8531K [0x0000000705e00000, 0x0000000800000000)
  region size 2048K, 0 young (0K), 0 survivors (0K)
 Metaspace       used 4800K, committed 5120K, reserved 1114112K
  class space    used 480K, committed 640K, reserved 1048576K
}
Event: 70.477 GC heap before
{Heap before GC invocations=12 (full 8):
 garbage-first heap   total reserved 4098048K, committed 28672K, used 18771K [0x0000000705e00000, 0x0000000800000000)
  region size 2048K, 5 young (10240K), 0 survivors (0K)
 Metaspace       used 7098K, committed 7296K, reserved 1114112K
  class space    used 691K, committed 768K, reserved 1048576K
}
Event: 70.482 GC heap after
{Heap after GC invocations=13 (full 8):
 garbage-first heap   total reserved 4098048K, committed 28672K, used 9881K [0x0000000705e00000, 0x0000000800000000)
  region size 2048K, 1 young (2048K), 1 survivors (2048K)
 Metaspace       used 7098K, committed 7296K, reserved 1114112K
  class space    used 691K, committed 768K, reserved 1048576K
}
Event: 79.835 GC heap before
{Heap before GC invocations=13 (full 8):
 garbage-first heap   total reserved 4098048K, committed 28672K, used 16025K [0x0000000705e00000, 0x0000000800000000)
  region size 2048K, 5 young (10240K), 1 survivors (2048K)
 Metaspace       used 7285K, committed 7552K, reserved 1114112K
  class space    used 701K, committed 832K, reserved 1048576K
}
Event: 79.837 GC heap after
{Heap after GC invocations=14 (full 8):
 garbage-first heap   total reserved 4098048K, committed 28672K, used 9822K [0x0000000705e00000, 0x0000000800000000)
  region size 2048K, 1 young (2048K), 1 survivors (2048K)
 Metaspace       used 7285K, committed 7552K, reserved 1114112K
  class space    used 701K, committed 832K, reserved 1048576K
}

