# JRE version: Java(TM) SE Runtime Environment (23.0.1+11) (build 23.0.1+11-39)
# Java VM: Java HotSpot(TM) 64-Bit Server VM (23.0.1+11-39, mixed mode, sharing, tiered, compressed oops, compressed class ptrs, g1 gc, windows-amd64)
GC Precious Log:
 CardTable entry size: 512
 Card Set container configuration: InlinePtr #cards 4 size 8 Array Of Cards #cards 16 size 48 Howl #buckets 8 coarsen threshold 3686 Howl Bitmap #cards 512 size 80 coarsen threshold 460 Card regions per heap region 1 cards per card region 4096
 CPUs: 16 total, 16 available
 Memory: 16005M
 Large Page Support: Disabled
 NUMA Support: Disabled
 Compressed Oops: Enabled (Zero based)
 Heap Region Size: 2M
 Heap Min Capacity: 8M
 Heap Initial Capacity: 252M
 Heap Max Capacity: 4002M
 Pre-touch: Disabled
 Parallel Workers: 13
 Concurrent Workers: 3
 Concurrent Refinement Workers: 13
 Periodic GC: Disabled
Heap:
 garbage-first heap   total reserved 4098048K, committed 28672K, used 11787K [0x0000000705e00000, 0x0000000800000000)
  region size 2048K, 3 young (6144K), 1 survivors (2048K)
 Metaspace       used 7307K, committed 7552K, reserved 1114112K
  class space    used 704K, committed 832K, reserved 1048576K
GC Heap History (20 events):
Event: 0.512 GC heap before
{Heap before GC invocations=4 (full 3):
 garbage-first heap   total reserved 4098048K, committed 14336K, used 3513K [0x0000000705e00000, 0x0000000800000000)
  region size 2048K, 1 young (2048K), 0 survivors (0K)
 Metaspace       used 3057K, committed 3328K, reserved 1114112K
  class space    used 321K, committed 448K, reserved 1048576K
}
Event: 0.522 GC heap after
{Heap after GC invocations=5 (full 4):
 garbage-first heap   total reserved 4098048K, committed 14336K, used 3542K [0x0000000705e00000, 0x0000000800000000)
  region size 2048K, 0 young (0K), 0 survivors (0K)
 Metaspace       used 3057K, committed 3328K, reserved 1114112K
  class space    used 321K, committed 448K, reserved 1048576K
}
Event: 0.597 GC heap before
{Heap before GC invocations=5 (full 4):
 garbage-first heap   total reserved 4098048K, committed 14336K, used 7638K [0x0000000705e00000, 0x0000000800000000)
  region size 2048K, 2 young (4096K), 0 survivors (0K)
 Metaspace       used 3482K, committed 3648K, reserved 1114112K
  class space    used 362K, committed 448K, reserved 1048576K
}
Event: 0.598 GC heap after
{Heap after GC invocations=6 (full 4):
 garbage-first heap   total reserved 4098048K, committed 14336K, used 4065K [0x0000000705e00000, 0x0000000800000000)
  region size 2048K, 1 young (2048K), 1 survivors (2048K)
 Metaspace       used 3482K, committed 3648K, reserved 1114112K
  class space    used 362K, committed 448K, reserved 1048576K
}
Event: 0.612 GC heap before
{Heap before GC invocations=6 (full 4):
 garbage-first heap   total reserved 4098048K, committed 14336K, used 8161K [0x0000000705e00000, 0x0000000800000000)
  region size 2048K, 3 young (6144K), 1 survivors (2048K)
 Metaspace       used 3485K, committed 3648K, reserved 1114112K
  class space    used 362K, committed 448K, reserved 1048576K
}
Event: 0.613 GC heap after
{Heap after GC invocations=7 (full 4):
 garbage-first heap   total reserved 4098048K, committed 14336K, used 4435K [0x0000000705e00000, 0x0000000800000000)
  region size 2048K, 1 young (2048K), 1 survivors (2048K)
 Metaspace       used 3485K, committed 3648K, reserved 1114112K
  class space    used 362K, committed 448K, reserved 1048576K
}
Event: 0.619 GC heap before
{Heap before GC invocations=7 (full 4):
 garbage-first heap   total reserved 4098048K, committed 14336K, used 8531K [0x0000000705e00000, 0x0000000800000000)
  region size 2048K, 3 young (6144K), 1 survivors (2048K)
 Metaspace       used 3487K, committed 3648K, reserved 1114112K
  class space    used 362K, committed 448K, reserved 1048576K
}
Event: 0.621 GC heap after
{Heap after GC invocations=8 (full 4):
 garbage-first heap   total reserved 4098048K, committed 137216K, used 4872K [0x0000000705e00000, 0x0000000800000000)
  region size 2048K, 1 young (2048K), 1 survivors (2048K)
 Metaspace       used 3487K, committed 3648K, reserved 1114112K
  class space    used 362K, committed 448K, reserved 1048576K
}
Event: 0.714 GC heap before
{Heap before GC invocations=8 (full 4):
 garbage-first heap   total reserved 4098048K, committed 137216K, used 29448K [0x0000000705e00000, 0x0000000800000000)
  region size 2048K, 14 young (28672K), 1 survivors (2048K)
 Metaspace       used 3559K, committed 3712K, reserved 1114112K
  class space    used 364K, committed 448K, reserved 1048576K
}
Event: 0.725 GC heap after
{Heap after GC invocations=9 (full 5):
 garbage-first heap   total reserved 4098048K, committed 34816K, used 7185K [0x0000000705e00000, 0x0000000800000000)
  region size 2048K, 0 young (0K), 0 survivors (0K)
 Metaspace       used 3559K, committed 3712K, reserved 1114112K
  class space    used 364K, committed 448K, reserved 1048576K
}
Event: 0.752 GC heap before
{Heap before GC invocations=9 (full 5):
 garbage-first heap   total reserved 4098048K, committed 34816K, used 7185K [0x0000000705e00000, 0x0000000800000000)
  region size 2048K, 1 young (2048K), 0 survivors (0K)
 Metaspace       used 3559K, committed 3712K, reserved 1114112K
  class space    used 364K, committed 448K, reserved 1048576K
}
Event: 0.768 GC heap after
{Heap after GC invocations=10 (full 6):
 garbage-first heap   total reserved 4098048K, committed 28672K, used 7185K [0x0000000705e00000, 0x0000000800000000)
  region size 2048K, 0 young (0K), 0 survivors (0K)
 Metaspace       used 3559K, committed 3712K, reserved 1114112K
  class space    used 364K, committed 448K, reserved 1048576K
}
Event: 0.794 GC heap before
{Heap before GC invocations=10 (full 6):
 garbage-first heap   total reserved 4098048K, committed 28672K, used 7185K [0x0000000705e00000, 0x0000000800000000)
  region size 2048K, 1 young (2048K), 0 survivors (0K)
 Metaspace       used 3559K, committed 3712K, reserved 1114112K
  class space    used 364K, committed 448K, reserved 1048576K
}
Event: 0.809 GC heap after
{Heap after GC invocations=11 (full 7):
 garbage-first heap   total reserved 4098048K, committed 28672K, used 7185K [0x0000000705e00000, 0x0000000800000000)
  region size 2048K, 0 young (0K), 0 survivors (0K)
 Metaspace       used 3559K, committed 3712K, reserved 1114112K
  class space    used 364K, committed 448K, reserved 1048576K
}
Event: 37.529 GC heap before
{Heap before GC invocations=11 (full 7):
 garbage-first heap   total reserved 4098048K, committed 28672K, used 19473K [0x0000000705e00000, 0x0000000800000000)
  region size 2048K, 6 young (12288K), 0 survivors (0K)
 Metaspace       used 5393K, committed 5568K, reserved 1114112K
  class space    used 533K, committed 640K, reserved 1048576K
}
Event: 37.533 GC heap after
{Heap after GC invocations=12 (full 7):
 garbage-first heap   total reserved 4098048K, committed 28672K, used 9015K [0x0000000705e00000, 0x0000000800000000)
  region size 2048K, 1 young (2048K), 1 survivors (2048K)
 Metaspace       used 5393K, committed 5568K, reserved 1114112K
  class space    used 533K, committed 640K, reserved 1048576K
}
Event: 60.949 GC heap before
{Heap before GC invocations=12 (full 7):
 garbage-first heap   total reserved 4098048K, committed 28672K, used 15159K [0x0000000705e00000, 0x0000000800000000)
  region size 2048K, 5 young (10240K), 1 survivors (2048K)
 Metaspace       used 7072K, committed 7296K, reserved 1114112K
  class space    used 691K, committed 768K, reserved 1048576K
}
Event: 60.953 GC heap after
{Heap after GC invocations=13 (full 7):
 garbage-first heap   total reserved 4098048K, committed 28672K, used 9898K [0x0000000705e00000, 0x0000000800000000)
  region size 2048K, 1 young (2048K), 1 survivors (2048K)
 Metaspace       used 7072K, committed 7296K, reserved 1114112K
  class space    used 691K, committed 768K, reserved 1048576K
}
Event: 66.012 GC heap before
{Heap before GC invocations=13 (full 7):
 garbage-first heap   total reserved 4098048K, committed 28672K, used 16042K [0x0000000705e00000, 0x0000000800000000)
  region size 2048K, 5 young (10240K), 1 survivors (2048K)
 Metaspace       used 7274K, committed 7552K, reserved 1114112K
  class space    used 702K, committed 832K, reserved 1048576K
}
Event: 66.015 GC heap after
{Heap after GC invocations=14 (full 7):
 garbage-first heap   total reserved 4098048K, committed 28672K, used 9739K [0x0000000705e00000, 0x0000000800000000)
  region size 2048K, 1 young (2048K), 1 survivors (2048K)
 Metaspace       used 7274K, committed 7552K, reserved 1114112K
  class space    used 702K, committed 832K, reserved 1048576K
}

